2025-08-20 10:43:00 | INFO | repo=2017-course-sys-int-activemq-seminar | action=test | passed=true
2025-06-18 20:16:00 | WARN | repo=2017-course-sys-int-activemq-seminar | action=commit
2025-09-25 14:47:00 | INFO | repo=2017-course-sys-int-activemq-seminar | action=commit
2025-03-23 18:44:00 | WARN | repo=2017-course-sys-int-activemq-seminar | action=commit
2025-03-25 14:26:00 | DEBUG | repo=2017-course-sys-int-activemq-seminar | action=pull
2025-12-10 09:43:00 | INFO | repo=2017-course-sys-int-activemq-seminar | action=commit
2025-08-19 10:19:00 | DEBUG | repo=2017-course-sys-int-activemq-seminar | action=test | passed=true
2025-03-16 13:21:00 | DEBUG | repo=2017-course-sys-int-activemq-seminar | action=commit
2025-12-01 09:35:00 | INFO | repo=2017-course-sys-int-activemq-seminar | action=commit
2025-09-02 21:47:00 | WARN | repo=2017-course-sys-int-activemq-seminar | action=commit
2025-05-08 19:44:00 | WARN | repo=2017-course-sys-int-activemq-seminar | action=commit
2025-07-06 11:09:00 | WARN | repo=2017-course-sys-int-activemq-seminar | action=commit
2025-10-08 18:32:00 | INFO | repo=2017-course-sys-int-activemq-seminar | action=commit
2025-09-10 21:50:00 | INFO | repo=2017-course-sys-int-activemq-seminar | action=pull
2025-04-16 07:17:00 | DEBUG | repo=2017-course-sys-int-activemq-seminar | action=commit
2025-02-08 13:31:00 | INFO | repo=2017-course-sys-int-activemq-seminar | action=commit
2025-09-11 09:42:00 | INFO | repo=2017-course-sys-int-activemq-seminar | action=pull
2025-11-18 15:26:00 | INFO | repo=2017-course-sys-int-activemq-seminar | action=edit | files=1
2025-04-22 18:00:00 | WARN | repo=2017-course-sys-int-activemq-seminar | action=commit
2025-01-13 16:29:00 | INFO | repo=2017-course-sys-int-activemq-seminar | action=pull
2025-05-27 18:27:00 | DEBUG | repo=2017-course-sys-int-activemq-seminar | action=commit
2025-08-15 10:20:00 | INFO | repo=2017-course-sys-int-activemq-seminar | action=test | passed=true
2025-11-02 16:46:00 | DEBUG | repo=2017-course-sys-int-activemq-seminar | action=test | passed=true
2025-12-17 07:39:00 | WARN | repo=2017-course-sys-int-activemq-seminar | action=commit
2025-07-14 16:53:00 | DEBUG | repo=2017-course-sys-int-activemq-seminar | action=commit
2025-08-13 07:09:00 | DEBUG | repo=2017-course-sys-int-activemq-seminar | action=commit
2025-11-17 21:14:00 | INFO | repo=2017-course-sys-int-activemq-seminar | action=commit
2025-09-26 17:01:00 | DEBUG | repo=2017-course-sys-int-activemq-seminar | action=commit
2025-04-01 12:11:00 | INFO | repo=2017-course-sys-int-activemq-seminar | action=commit
